<?xml version="1.0" encoding="UTF-8"?>
<testsuite hostname="ip-172-31-42-99" name="com.rallydev.rest.RallyRestApiTest" tests="131" failures="0" timestamp="24 Jul 2018 15:39:24 GMT" time="1.251" errors="0">
  <testcase name="shouldClose" time="0.419" classname="com.rallydev.rest.RallyRestApiTest"/>
  <testcase name="shouldCreate" time="0.079" classname="com.rallydev.rest.RallyRestApiTest"/>
  <testcase name="shouldDelete" time="0.007" classname="com.rallydev.rest.RallyRestApiTest"/>
  <testcase name="shouldGet" time="0.002" classname="com.rallydev.rest.RallyRestApiTest"/>
  <testcase name="shouldGetWsapiVersion" time="0.001" classname="com.rallydev.rest.RallyRestApiTest"/>
  <testcase name="shouldInitializeApiKeyClient" time="0.0" classname="com.rallydev.rest.RallyRestApiTest"/>
  <testcase name="shouldInitializeBasicAuthClient" time="0.003" classname="com.rallydev.rest.RallyRestApiTest"/>
  <testcase name="shouldQueryAllPages" time="0.005" classname="com.rallydev.rest.RallyRestApiTest"/>
  <testcase name="shouldQueryAllPagesWithNonStandardStart" time="0.003" classname="com.rallydev.rest.RallyRestApiTest"/>
  <testcase name="shouldQueryNoPages" time="0.001" classname="com.rallydev.rest.RallyRestApiTest"/>
  <testcase name="shouldQueryOnePage" time="0.001" classname="com.rallydev.rest.RallyRestApiTest"/>
  <testcase name="shouldQuerySomePages" time="0.002" classname="com.rallydev.rest.RallyRestApiTest"/>
  <testcase name="shouldQuerySomePagesWithNonStandardStart" time="0.003" classname="com.rallydev.rest.RallyRestApiTest"/>
  <testcase name="shouldSetName" time="0.001" classname="com.rallydev.rest.RallyRestApiTest"/>
  <testcase name="shouldSetProxy" time="0.019" classname="com.rallydev.rest.RallyRestApiTest"/>
  <testcase name="shouldSetProxyWithCredentials" time="0.025" classname="com.rallydev.rest.RallyRestApiTest"/>
  <testcase name="shouldSetVendor" time="0.0" classname="com.rallydev.rest.RallyRestApiTest"/>
  <testcase name="shouldSetVersion" time="0.0" classname="com.rallydev.rest.RallyRestApiTest"/>
  <testcase name="shouldSetWsapiVersion" time="0.003" classname="com.rallydev.rest.RallyRestApiTest"/>
  <testcase name="shouldUpdate" time="0.003" classname="com.rallydev.rest.RallyRestApiTest"/>
  <testcase name="shouldUpdateCollection" time="0.002" classname="com.rallydev.rest.RallyRestApiTest"/>
  <testcase name="shouldIncludeApiKeyOnRequest" time="0.012" classname="com.rallydev.rest.client.ApiKeyClientTest"/>
  <testcase name="shouldIntialize" time="0.0" classname="com.rallydev.rest.client.ApiKeyClientTest"/>
  <testcase name="shouldIncludeCSRFTokenOnDelete" time="0.096" classname="com.rallydev.rest.client.BasicAuthClientTest"/>
  <testcase name="shouldIncludeCSRFTokenOnPost" time="0.007" classname="com.rallydev.rest.client.BasicAuthClientTest"/>
  <testcase name="shouldIncludeCSRFTokenOnPut" time="0.001" classname="com.rallydev.rest.client.BasicAuthClientTest"/>
  <testcase name="shouldIntialize" time="0.0" classname="com.rallydev.rest.client.BasicAuthClientTest"/>
  <testcase name="shouldNotIncludeCSRFTokenOnGet" time="0.004" classname="com.rallydev.rest.client.BasicAuthClientTest"/>
  <testcase name="shouldNotIncludeCSRFTokenOnWsapiv1" time="0.001" classname="com.rallydev.rest.client.BasicAuthClientTest"/>
  <testcase name="shouldRequestCSRFToken" time="0.001" classname="com.rallydev.rest.client.BasicAuthClientTest"/>
  <testcase name="shouldDelete" time="0.024" classname="com.rallydev.rest.client.HttpClientTest"/>
  <testcase name="shouldExplodeWithInvalidResponse" time="0.027" classname="com.rallydev.rest.client.HttpClientTest"/>
  <testcase name="shouldGet" time="0.001" classname="com.rallydev.rest.client.HttpClientTest"/>
  <testcase name="shouldGzip" time="0.004" classname="com.rallydev.rest.client.HttpClientTest"/>
  <testcase name="shouldIntialize" time="0.0" classname="com.rallydev.rest.client.HttpClientTest"/>
  <testcase name="shouldPost" time="0.001" classname="com.rallydev.rest.client.HttpClientTest"/>
  <testcase name="shouldPut" time="0.001" classname="com.rallydev.rest.client.HttpClientTest"/>
  <testcase name="shouldReturnValidResponse" time="0.002" classname="com.rallydev.rest.client.HttpClientTest"/>
  <testcase name="shouldSetApplicationName" time="0.001" classname="com.rallydev.rest.client.HttpClientTest"/>
  <testcase name="shouldSetApplicationVendor" time="0.001" classname="com.rallydev.rest.client.HttpClientTest"/>
  <testcase name="shouldSetApplicationVersion" time="0.0" classname="com.rallydev.rest.client.HttpClientTest"/>
  <testcase name="shouldSetProxy" time="0.008" classname="com.rallydev.rest.client.HttpClientTest"/>
  <testcase name="shouldSetProxyWithCredentials" time="0.002" classname="com.rallydev.rest.client.HttpClientTest"/>
  <testcase name="shouldSetWsapiVersion" time="0.0" classname="com.rallydev.rest.client.HttpClientTest"/>
  <testcase name="shouldUseDefaultWsapiVersion" time="0.0" classname="com.rallydev.rest.client.HttpClientTest"/>
  <testcase name="shouldConstructTheCorrectUrlForAdds" time="0.0" classname="com.rallydev.rest.request.CollectionUpdateRequestTest"/>
  <testcase name="shouldConstructTheCorrectUrlForRemoves" time="0.0" classname="com.rallydev.rest.request.CollectionUpdateRequestTest"/>
  <testcase name="shouldConstructTheCorrectUrlWithExtraParam" time="0.001" classname="com.rallydev.rest.request.CollectionUpdateRequestTest"/>
  <testcase name="shouldCreateACorrectBody" time="0.0" classname="com.rallydev.rest.request.CollectionUpdateRequestTest"/>
  <testcase name="shouldConstructTheCorrectDefaultFetchUrl" time="0.001" classname="com.rallydev.rest.request.CreateRequestTest"/>
  <testcase name="shouldConstructTheCorrectUrl" time="0.0" classname="com.rallydev.rest.request.CreateRequestTest"/>
  <testcase name="shouldConstructTheCorrectUrlWithExtraParam" time="0.0" classname="com.rallydev.rest.request.CreateRequestTest"/>
  <testcase name="shouldCreateACorrectBody" time="0.0" classname="com.rallydev.rest.request.CreateRequestTest"/>
  <testcase name="shouldCreateACorrectBodyWithNullFields" time="0.0" classname="com.rallydev.rest.request.CreateRequestTest"/>
  <testcase name="shouldEncodeParamsUsingUtf8" time="0.001" classname="com.rallydev.rest.request.CreateRequestTest"/>
  <testcase name="shouldConstructCorrectUrlWithAbsoluteRef" time="0.002" classname="com.rallydev.rest.request.DeleteRequestTest"/>
  <testcase name="shouldConstructCorrectUrlWithExtraParam" time="0.0" classname="com.rallydev.rest.request.DeleteRequestTest"/>
  <testcase name="shouldConstructCorrectUrlWithRelativeRef" time="0.001" classname="com.rallydev.rest.request.DeleteRequestTest"/>
  <testcase name="shouldReturnCorrectUrlForSubscription" time="0.001" classname="com.rallydev.rest.request.GetRequestTest"/>
  <testcase name="shouldReturnCorrectUrlForUser" time="0.001" classname="com.rallydev.rest.request.GetRequestTest"/>
  <testcase name="shouldReturnCorrectUrlWithAbsoluteRef" time="0.001" classname="com.rallydev.rest.request.GetRequestTest"/>
  <testcase name="shouldReturnCorrectUrlWithFetchParams" time="0.003" classname="com.rallydev.rest.request.GetRequestTest"/>
  <testcase name="shouldReturnCorrectUrlWithRelativeRef" time="0.001" classname="com.rallydev.rest.request.GetRequestTest"/>
  <testcase name="shouldCloneCorrectly" time="0.002" classname="com.rallydev.rest.request.QueryRequestTest"/>
  <testcase name="shouldCreateCorrectDefaultQuery" time="0.0" classname="com.rallydev.rest.request.QueryRequestTest"/>
  <testcase name="shouldCreateCorrectDefaultQueryWithExtraParam" time="0.0" classname="com.rallydev.rest.request.QueryRequestTest"/>
  <testcase name="shouldCreateCorrectQueryWithDefaultOrder" time="0.001" classname="com.rallydev.rest.request.QueryRequestTest"/>
  <testcase name="shouldCreateCorrectQueryWithFetch" time="0.0" classname="com.rallydev.rest.request.QueryRequestTest"/>
  <testcase name="shouldCreateCorrectQueryWithNullProject" time="0.0" classname="com.rallydev.rest.request.QueryRequestTest"/>
  <testcase name="shouldCreateCorrectQueryWithPageSize" time="0.001" classname="com.rallydev.rest.request.QueryRequestTest"/>
  <testcase name="shouldCreateCorrectQueryWithProject" time="0.002" classname="com.rallydev.rest.request.QueryRequestTest"/>
  <testcase name="shouldCreateCorrectQueryWithQuery" time="0.0" classname="com.rallydev.rest.request.QueryRequestTest"/>
  <testcase name="shouldCreateCorrectQueryWithSpecifiedOrder" time="0.001" classname="com.rallydev.rest.request.QueryRequestTest"/>
  <testcase name="shouldCreateCorrectQueryWithStart" time="0.001" classname="com.rallydev.rest.request.QueryRequestTest"/>
  <testcase name="shouldCreateCorrectQueryWithWorkspace" time="0.001" classname="com.rallydev.rest.request.QueryRequestTest"/>
  <testcase name="shouldCreateCorrectUrlForCollection" time="0.0" classname="com.rallydev.rest.request.QueryRequestTest"/>
  <testcase name="shouldCreateCorrectUrlForSubscription" time="0.0" classname="com.rallydev.rest.request.QueryRequestTest"/>
  <testcase name="shouldCreateCorrectUrlForUser" time="0.001" classname="com.rallydev.rest.request.QueryRequestTest"/>
  <testcase name="shouldEncodeParamsUsingUtf8" time="0.0" classname="com.rallydev.rest.request.QueryRequestTest"/>
  <testcase name="shouldBeAbleToAddParams" time="0.0" classname="com.rallydev.rest.request.RequestTest"/>
  <testcase name="shouldBeAbleToSetGsonBuilder" time="0.0" classname="com.rallydev.rest.request.RequestTest"/>
  <testcase name="shouldBeAbleToSetParams" time="0.001" classname="com.rallydev.rest.request.RequestTest"/>
  <testcase name="shouldConstructTheCorrectDefaultFetchUrl" time="0.0" classname="com.rallydev.rest.request.UpdateRequestTest"/>
  <testcase name="shouldConstructTheCorrectUrl" time="0.001" classname="com.rallydev.rest.request.UpdateRequestTest"/>
  <testcase name="shouldConstructTheCorrectUrlWithExtraParam" time="0.001" classname="com.rallydev.rest.request.UpdateRequestTest"/>
  <testcase name="shouldCreateACorrectBody" time="0.001" classname="com.rallydev.rest.request.UpdateRequestTest"/>
  <testcase name="shouldCreateACorrectBodyWithNullFieldsByDefault" time="0.001" classname="com.rallydev.rest.request.UpdateRequestTest"/>
  <testcase name="shouldReturnNoErrors" time="0.004" classname="com.rallydev.rest.response.CollectionUpdateResponseTest"/>
  <testcase name="shouldReturnResults" time="0.001" classname="com.rallydev.rest.response.CollectionUpdateResponseTest"/>
  <testcase name="shouldReturnCreatedObject" time="0.0" classname="com.rallydev.rest.response.CreateResponseTest"/>
  <testcase name="shouldReturnErrors" time="0.0" classname="com.rallydev.rest.response.CreateResponseTest"/>
  <testcase name="shouldReturnErrors" time="0.0" classname="com.rallydev.rest.response.DeleteResponseTest"/>
  <testcase name="shouldReturnNoErrors" time="0.0" classname="com.rallydev.rest.response.DeleteResponseTest"/>
  <testcase name="shouldReturnErrors" time="0.001" classname="com.rallydev.rest.response.GetResponseTest"/>
  <testcase name="shouldReturnNoErrors" time="0.0" classname="com.rallydev.rest.response.GetResponseTest"/>
  <testcase name="shouldReturnNoErrors" time="0.001" classname="com.rallydev.rest.response.QueryResponseTest"/>
  <testcase name="shouldReturnResults" time="0.001" classname="com.rallydev.rest.response.QueryResponseTest"/>
  <testcase name="shouldReturnErrors" time="0.0" classname="com.rallydev.rest.response.ResponseTest"/>
  <testcase name="shouldReturnNoErrors" time="0.001" classname="com.rallydev.rest.response.ResponseTest"/>
  <testcase name="shouldReturnNoWarnings" time="0.001" classname="com.rallydev.rest.response.ResponseTest"/>
  <testcase name="shouldReturnWarnings" time="0.0" classname="com.rallydev.rest.response.ResponseTest"/>
  <testcase name="shouldReturnErrors" time="0.0" classname="com.rallydev.rest.response.UpdateResponseTest"/>
  <testcase name="shouldReturnUpdatedObject" time="0.001" classname="com.rallydev.rest.response.UpdateResponseTest"/>
  <testcase name="shouldBeAbleToAddRemoveFetch" time="0.0" classname="com.rallydev.rest.util.FetchTest"/>
  <testcase name="shouldProvideCorrectDefaultFetch" time="0.0" classname="com.rallydev.rest.util.FetchTest"/>
  <testcase name="shouldProvideCorrectFetch" time="0.0" classname="com.rallydev.rest.util.FetchTest"/>
  <testcase name="shouldCreateCorrectAndedQuery" time="0.001" classname="com.rallydev.rest.util.QueryFilterTest"/>
  <testcase name="shouldCreateCorrectOredQuery" time="0.0" classname="com.rallydev.rest.util.QueryFilterTest"/>
  <testcase name="shouldCreateCorrectQueryForNull" time="0.001" classname="com.rallydev.rest.util.QueryFilterTest"/>
  <testcase name="shouldCreateCorrectQueryForNumber" time="0.0" classname="com.rallydev.rest.util.QueryFilterTest"/>
  <testcase name="shouldCreateCorrectQueryForRef" time="0.002" classname="com.rallydev.rest.util.QueryFilterTest"/>
  <testcase name="shouldCreateCorrectQueryForString" time="0.0" classname="com.rallydev.rest.util.QueryFilterTest"/>
  <testcase name="shouldCreateCorrectStaticAndedQuery" time="0.001" classname="com.rallydev.rest.util.QueryFilterTest"/>
  <testcase name="shouldCreateCorrectStaticOredQuery" time="0.0" classname="com.rallydev.rest.util.QueryFilterTest"/>
  <testcase name="shouldCreateQuotedQueryForStringWithSpaces" time="0.0" classname="com.rallydev.rest.util.QueryFilterTest"/>
  <testcase name="shouldDetectInvalidRefs" time="0.002" classname="com.rallydev.rest.util.RefTest"/>
  <testcase name="shouldDetectValidDynatypeRefs" time="0.001" classname="com.rallydev.rest.util.RefTest"/>
  <testcase name="shouldDetectValidRefs" time="0.001" classname="com.rallydev.rest.util.RefTest"/>
  <testcase name="shouldReturnNullOidsFromRefs" time="0.008" classname="com.rallydev.rest.util.RefTest"/>
  <testcase name="shouldReturnNullRelativeRefs" time="0.001" classname="com.rallydev.rest.util.RefTest"/>
  <testcase name="shouldReturnNullTypesFromRefs" time="0.0" classname="com.rallydev.rest.util.RefTest"/>
  <testcase name="shouldReturnOidsFromDynatypeRefs" time="0.001" classname="com.rallydev.rest.util.RefTest"/>
  <testcase name="shouldReturnOidsFromRefs" time="0.001" classname="com.rallydev.rest.util.RefTest"/>
  <testcase name="shouldReturnTypesFromDynatypeRefs" time="0.004" classname="com.rallydev.rest.util.RefTest"/>
  <testcase name="shouldReturnTypesFromRefs" time="0.001" classname="com.rallydev.rest.util.RefTest"/>
  <testcase name="shouldReturnValidDynatypeRelativeRefs" time="0.001" classname="com.rallydev.rest.util.RefTest"/>
  <testcase name="shouldReturnValidRelativeRefs" time="0.001" classname="com.rallydev.rest.util.RefTest"/>
  <testcase name="shouldSupportCollectionRefs" time="0.001" classname="com.rallydev.rest.util.RefTest"/>
  <testcase name="shouldSupportProjectPermissionRefs" time="0.006" classname="com.rallydev.rest.util.RefTest"/>
  <testcase name="shouldSupportWorkspacePermissionRefs" time="0.001" classname="com.rallydev.rest.util.RefTest"/>
  <testcase name="shouldSupportWsapiVersionXinRefs" time="0.001" classname="com.rallydev.rest.util.RefTest"/>
</testsuite>
