<?xml version="1.0" encoding="UTF-8" ?>
<testsuite failures="0" time="2.278" errors="0" skipped="0" tests="131" name="TestSuite">
  <properties>
[...]
</properties>
  <testcase time="0.416" classname="com.rallydev.rest.RallyRestApiTest" name="shouldClose"/>
  <testcase time="0.083" classname="com.rallydev.rest.RallyRestApiTest" name="shouldCreate"/>
  <testcase time="0.007" classname="com.rallydev.rest.RallyRestApiTest" name="shouldDelete"/>
  <testcase time="0.002" classname="com.rallydev.rest.RallyRestApiTest" name="shouldGet"/>
  <testcase time="0.001" classname="com.rallydev.rest.RallyRestApiTest" name="shouldGetWsapiVersion"/>
  <testcase time="0" classname="com.rallydev.rest.RallyRestApiTest" name="shouldInitializeApiKeyClient"/>
  <testcase time="0.003" classname="com.rallydev.rest.RallyRestApiTest" name="shouldInitializeBasicAuthClient"/>
  <testcase time="0.005" classname="com.rallydev.rest.RallyRestApiTest" name="shouldQueryAllPages"/>
  <testcase time="0.003" classname="com.rallydev.rest.RallyRestApiTest" name="shouldQueryAllPagesWithNonStandardStart"/>
  <testcase time="0.001" classname="com.rallydev.rest.RallyRestApiTest" name="shouldQueryNoPages"/>
  <testcase time="0.001" classname="com.rallydev.rest.RallyRestApiTest" name="shouldQueryOnePage"/>
  <testcase time="0.001" classname="com.rallydev.rest.RallyRestApiTest" name="shouldQuerySomePages"/>
  <testcase time="0.002" classname="com.rallydev.rest.RallyRestApiTest" name="shouldQuerySomePagesWithNonStandardStart"/>
  <testcase time="0.001" classname="com.rallydev.rest.RallyRestApiTest" name="shouldSetName"/>
  <testcase time="0.019" classname="com.rallydev.rest.RallyRestApiTest" name="shouldSetProxy"/>
  <testcase time="0.025" classname="com.rallydev.rest.RallyRestApiTest" name="shouldSetProxyWithCredentials"/>
  <testcase time="0" classname="com.rallydev.rest.RallyRestApiTest" name="shouldSetVendor"/>
  <testcase time="0" classname="com.rallydev.rest.RallyRestApiTest" name="shouldSetVersion"/>
  <testcase time="0.003" classname="com.rallydev.rest.RallyRestApiTest" name="shouldSetWsapiVersion"/>
  <testcase time="0.002" classname="com.rallydev.rest.RallyRestApiTest" name="shouldUpdate"/>
  <testcase time="0.002" classname="com.rallydev.rest.RallyRestApiTest" name="shouldUpdateCollection"/>
  <testcase time="0.013" classname="com.rallydev.rest.client.ApiKeyClientTest" name="shouldIncludeApiKeyOnRequest"/>
  <testcase time="0" classname="com.rallydev.rest.client.ApiKeyClientTest" name="shouldIntialize"/>
  <testcase time="0.096" classname="com.rallydev.rest.client.BasicAuthClientTest" name="shouldIncludeCSRFTokenOnDelete"/>
  <testcase time="0.007" classname="com.rallydev.rest.client.BasicAuthClientTest" name="shouldIncludeCSRFTokenOnPost"/>
  <testcase time="0.001" classname="com.rallydev.rest.client.BasicAuthClientTest" name="shouldIncludeCSRFTokenOnPut"/>
  <testcase time="0" classname="com.rallydev.rest.client.BasicAuthClientTest" name="shouldIntialize"/>
  <testcase time="0.003" classname="com.rallydev.rest.client.BasicAuthClientTest" name="shouldNotIncludeCSRFTokenOnGet"/>
  <testcase time="0.001" classname="com.rallydev.rest.client.BasicAuthClientTest" name="shouldNotIncludeCSRFTokenOnWsapiv1"/>
  <testcase time="0.001" classname="com.rallydev.rest.client.BasicAuthClientTest" name="shouldRequestCSRFToken"/>
  <testcase time="0.023" classname="com.rallydev.rest.client.HttpClientTest" name="shouldDelete"/>
  <testcase time="0.027" classname="com.rallydev.rest.client.HttpClientTest" name="shouldExplodeWithInvalidResponse"/>
  <testcase time="0.001" classname="com.rallydev.rest.client.HttpClientTest" name="shouldGet"/>
  <testcase time="0.004" classname="com.rallydev.rest.client.HttpClientTest" name="shouldGzip"/>
  <testcase time="0" classname="com.rallydev.rest.client.HttpClientTest" name="shouldIntialize"/>
  <testcase time="0.001" classname="com.rallydev.rest.client.HttpClientTest" name="shouldPost"/>
  <testcase time="0.001" classname="com.rallydev.rest.client.HttpClientTest" name="shouldPut"/>
  <testcase time="0.002" classname="com.rallydev.rest.client.HttpClientTest" name="shouldReturnValidResponse"/>
  <testcase time="0.001" classname="com.rallydev.rest.client.HttpClientTest" name="shouldSetApplicationName"/>
  <testcase time="0.001" classname="com.rallydev.rest.client.HttpClientTest" name="shouldSetApplicationVendor"/>
  <testcase time="0" classname="com.rallydev.rest.client.HttpClientTest" name="shouldSetApplicationVersion"/>
  <testcase time="0.008" classname="com.rallydev.rest.client.HttpClientTest" name="shouldSetProxy"/>
  <testcase time="0.002" classname="com.rallydev.rest.client.HttpClientTest" name="shouldSetProxyWithCredentials"/>
  <testcase time="0" classname="com.rallydev.rest.client.HttpClientTest" name="shouldSetWsapiVersion"/>
  <testcase time="0.001" classname="com.rallydev.rest.client.HttpClientTest" name="shouldUseDefaultWsapiVersion"/>
  <testcase time="0" classname="com.rallydev.rest.request.CollectionUpdateRequestTest" name="shouldConstructTheCorrectUrlForAdds"/>
  <testcase time="0" classname="com.rallydev.rest.request.CollectionUpdateRequestTest" name="shouldConstructTheCorrectUrlForRemoves"/>
  <testcase time="0.001" classname="com.rallydev.rest.request.CollectionUpdateRequestTest" name="shouldConstructTheCorrectUrlWithExtraParam"/>
  <testcase time="0" classname="com.rallydev.rest.request.CollectionUpdateRequestTest" name="shouldCreateACorrectBody"/>
  <testcase time="0" classname="com.rallydev.rest.request.CreateRequestTest" name="shouldConstructTheCorrectDefaultFetchUrl"/>
  <testcase time="0" classname="com.rallydev.rest.request.CreateRequestTest" name="shouldConstructTheCorrectUrl"/>
  <testcase time="0" classname="com.rallydev.rest.request.CreateRequestTest" name="shouldConstructTheCorrectUrlWithExtraParam"/>
  <testcase time="0" classname="com.rallydev.rest.request.CreateRequestTest" name="shouldCreateACorrectBody"/>
  <testcase time="0" classname="com.rallydev.rest.request.CreateRequestTest" name="shouldCreateACorrectBodyWithNullFields"/>
  <testcase time="0.001" classname="com.rallydev.rest.request.CreateRequestTest" name="shouldEncodeParamsUsingUtf8"/>
  <testcase time="0.002" classname="com.rallydev.rest.request.DeleteRequestTest" name="shouldConstructCorrectUrlWithAbsoluteRef"/>
  <testcase time="0" classname="com.rallydev.rest.request.DeleteRequestTest" name="shouldConstructCorrectUrlWithExtraParam"/>
  <testcase time="0.001" classname="com.rallydev.rest.request.DeleteRequestTest" name="shouldConstructCorrectUrlWithRelativeRef"/>
  <testcase time="0.002" classname="com.rallydev.rest.request.GetRequestTest" name="shouldReturnCorrectUrlForSubscription"/>
  <testcase time="0.001" classname="com.rallydev.rest.request.GetRequestTest" name="shouldReturnCorrectUrlForUser"/>
  <testcase time="0.001" classname="com.rallydev.rest.request.GetRequestTest" name="shouldReturnCorrectUrlWithAbsoluteRef"/>
  <testcase time="0.002" classname="com.rallydev.rest.request.GetRequestTest" name="shouldReturnCorrectUrlWithFetchParams"/>
  <testcase time="0.001" classname="com.rallydev.rest.request.GetRequestTest" name="shouldReturnCorrectUrlWithRelativeRef"/>
  <testcase time="0.002" classname="com.rallydev.rest.request.QueryRequestTest" name="shouldCloneCorrectly"/>
  <testcase time="0.001" classname="com.rallydev.rest.request.QueryRequestTest" name="shouldCreateCorrectDefaultQuery"/>
  <testcase time="0" classname="com.rallydev.rest.request.QueryRequestTest" name="shouldCreateCorrectDefaultQueryWithExtraParam"/>
  <testcase time="0.001" classname="com.rallydev.rest.request.QueryRequestTest" name="shouldCreateCorrectQueryWithDefaultOrder"/>
  <testcase time="0" classname="com.rallydev.rest.request.QueryRequestTest" name="shouldCreateCorrectQueryWithFetch"/>
  <testcase time="0" classname="com.rallydev.rest.request.QueryRequestTest" name="shouldCreateCorrectQueryWithNullProject"/>
  <testcase time="0" classname="com.rallydev.rest.request.QueryRequestTest" name="shouldCreateCorrectQueryWithPageSize"/>
  <testcase time="0.002" classname="com.rallydev.rest.request.QueryRequestTest" name="shouldCreateCorrectQueryWithProject"/>
  <testcase time="0" classname="com.rallydev.rest.request.QueryRequestTest" name="shouldCreateCorrectQueryWithQuery"/>
  <testcase time="0" classname="com.rallydev.rest.request.QueryRequestTest" name="shouldCreateCorrectQueryWithSpecifiedOrder"/>
  <testcase time="0.001" classname="com.rallydev.rest.request.QueryRequestTest" name="shouldCreateCorrectQueryWithStart"/>
  <testcase time="0.001" classname="com.rallydev.rest.request.QueryRequestTest" name="shouldCreateCorrectQueryWithWorkspace"/>
  <testcase time="0.001" classname="com.rallydev.rest.request.QueryRequestTest" name="shouldCreateCorrectUrlForCollection"/>
  <testcase time="0" classname="com.rallydev.rest.request.QueryRequestTest" name="shouldCreateCorrectUrlForSubscription"/>
  <testcase time="0.001" classname="com.rallydev.rest.request.QueryRequestTest" name="shouldCreateCorrectUrlForUser"/>
  <testcase time="0" classname="com.rallydev.rest.request.QueryRequestTest" name="shouldEncodeParamsUsingUtf8"/>
  <testcase time="0" classname="com.rallydev.rest.request.RequestTest" name="shouldBeAbleToAddParams"/>
  <testcase time="0" classname="com.rallydev.rest.request.RequestTest" name="shouldBeAbleToSetGsonBuilder"/>
  <testcase time="0" classname="com.rallydev.rest.request.RequestTest" name="shouldBeAbleToSetParams"/>
  <testcase time="0" classname="com.rallydev.rest.request.UpdateRequestTest" name="shouldConstructTheCorrectDefaultFetchUrl"/>
  <testcase time="0" classname="com.rallydev.rest.request.UpdateRequestTest" name="shouldConstructTheCorrectUrl"/>
  <testcase time="0.001" classname="com.rallydev.rest.request.UpdateRequestTest" name="shouldConstructTheCorrectUrlWithExtraParam"/>
  <testcase time="0.001" classname="com.rallydev.rest.request.UpdateRequestTest" name="shouldCreateACorrectBody"/>
  <testcase time="0.001" classname="com.rallydev.rest.request.UpdateRequestTest" name="shouldCreateACorrectBodyWithNullFieldsByDefault"/>
  <testcase time="0.004" classname="com.rallydev.rest.response.CollectionUpdateResponseTest" name="shouldReturnNoErrors"/>
  <testcase time="0.001" classname="com.rallydev.rest.response.CollectionUpdateResponseTest" name="shouldReturnResults"/>
  <testcase time="0" classname="com.rallydev.rest.response.CreateResponseTest" name="shouldReturnCreatedObject"/>
  <testcase time="0" classname="com.rallydev.rest.response.CreateResponseTest" name="shouldReturnErrors"/>
  <testcase time="0.001" classname="com.rallydev.rest.response.DeleteResponseTest" name="shouldReturnErrors"/>
  <testcase time="0" classname="com.rallydev.rest.response.DeleteResponseTest" name="shouldReturnNoErrors"/>
  <testcase time="0.001" classname="com.rallydev.rest.response.GetResponseTest" name="shouldReturnErrors"/>
  <testcase time="0" classname="com.rallydev.rest.response.GetResponseTest" name="shouldReturnNoErrors"/>
  <testcase time="0" classname="com.rallydev.rest.response.QueryResponseTest" name="shouldReturnNoErrors"/>
  <testcase time="0.001" classname="com.rallydev.rest.response.QueryResponseTest" name="shouldReturnResults"/>
  <testcase time="0" classname="com.rallydev.rest.response.ResponseTest" name="shouldReturnErrors"/>
  <testcase time="0.001" classname="com.rallydev.rest.response.ResponseTest" name="shouldReturnNoErrors"/>
  <testcase time="0.001" classname="com.rallydev.rest.response.ResponseTest" name="shouldReturnNoWarnings"/>
  <testcase time="0" classname="com.rallydev.rest.response.ResponseTest" name="shouldReturnWarnings"/>
  <testcase time="0" classname="com.rallydev.rest.response.UpdateResponseTest" name="shouldReturnErrors"/>
  <testcase time="0.001" classname="com.rallydev.rest.response.UpdateResponseTest" name="shouldReturnUpdatedObject"/>
  <testcase time="0" classname="com.rallydev.rest.util.FetchTest" name="shouldBeAbleToAddRemoveFetch"/>
  <testcase time="0.001" classname="com.rallydev.rest.util.FetchTest" name="shouldProvideCorrectDefaultFetch"/>
  <testcase time="0" classname="com.rallydev.rest.util.FetchTest" name="shouldProvideCorrectFetch"/>
  <testcase time="0.001" classname="com.rallydev.rest.util.QueryFilterTest" name="shouldCreateCorrectAndedQuery"/>
  <testcase time="0" classname="com.rallydev.rest.util.QueryFilterTest" name="shouldCreateCorrectOredQuery"/>
  <testcase time="0" classname="com.rallydev.rest.util.QueryFilterTest" name="shouldCreateCorrectQueryForNull"/>
  <testcase time="0" classname="com.rallydev.rest.util.QueryFilterTest" name="shouldCreateCorrectQueryForNumber"/>
  <testcase time="0.001" classname="com.rallydev.rest.util.QueryFilterTest" name="shouldCreateCorrectQueryForRef"/>
  <testcase time="0" classname="com.rallydev.rest.util.QueryFilterTest" name="shouldCreateCorrectQueryForString"/>
  <testcase time="0.001" classname="com.rallydev.rest.util.QueryFilterTest" name="shouldCreateCorrectStaticAndedQuery"/>
  <testcase time="0" classname="com.rallydev.rest.util.QueryFilterTest" name="shouldCreateCorrectStaticOredQuery"/>
  <testcase time="0" classname="com.rallydev.rest.util.QueryFilterTest" name="shouldCreateQuotedQueryForStringWithSpaces"/>
  <testcase time="0.002" classname="com.rallydev.rest.util.RefTest" name="shouldDetectInvalidRefs"/>
  <testcase time="0.001" classname="com.rallydev.rest.util.RefTest" name="shouldDetectValidDynatypeRefs"/>
  <testcase time="0.001" classname="com.rallydev.rest.util.RefTest" name="shouldDetectValidRefs"/>
  <testcase time="0.003" classname="com.rallydev.rest.util.RefTest" name="shouldReturnNullOidsFromRefs"/>
  <testcase time="0.001" classname="com.rallydev.rest.util.RefTest" name="shouldReturnNullRelativeRefs"/>
  <testcase time="0" classname="com.rallydev.rest.util.RefTest" name="shouldReturnNullTypesFromRefs"/>
  <testcase time="0.001" classname="com.rallydev.rest.util.RefTest" name="shouldReturnOidsFromDynatypeRefs"/>
  <testcase time="0.001" classname="com.rallydev.rest.util.RefTest" name="shouldReturnOidsFromRefs"/>
  <testcase time="0.004" classname="com.rallydev.rest.util.RefTest" name="shouldReturnTypesFromDynatypeRefs"/>
  <testcase time="0.001" classname="com.rallydev.rest.util.RefTest" name="shouldReturnTypesFromRefs"/>
  <testcase time="0.001" classname="com.rallydev.rest.util.RefTest" name="shouldReturnValidDynatypeRelativeRefs"/>
  <testcase time="0.001" classname="com.rallydev.rest.util.RefTest" name="shouldReturnValidRelativeRefs"/>
  <testcase time="0.001" classname="com.rallydev.rest.util.RefTest" name="shouldSupportCollectionRefs"/>
  <testcase time="0.006" classname="com.rallydev.rest.util.RefTest" name="shouldSupportProjectPermissionRefs"/>
  <testcase time="0.001" classname="com.rallydev.rest.util.RefTest" name="shouldSupportWorkspacePermissionRefs"/>
  <testcase time="0.001" classname="com.rallydev.rest.util.RefTest" name="shouldSupportWsapiVersionXinRefs"/>
</testsuite>